Using pre-set license
Built from '2020.3/staging' branch; Version is '2020.3.25f1 (9b9180224418) revision 10195328'; Using compiler version '192528614'; Build Type 'Release'
OS: 'Windows 10  (10.0.18363) 64bit Core' Language: 'en' Physical Memory: 8138 MB
BatchMode: 1, IsHumanControllingUs: 0, StartBugReporterOnCrash: 0, Is64bit: 1, IsPro: 0

COMMAND LINE ARGUMENTS:
D:\Program Files\2020.3.25f1\Editor\Unity.exe
-adb2
-batchMode
-noUpm
-name
AssetImportWorker0
-projectPath
D:/Games/1P OcBall
-logFile
Logs/AssetImportWorker0.log
-srvPort
53137
Successfully changed project path to: D:/Games/1P OcBall
D:/Games/1P OcBall
Using Asset Import Pipeline V2.
Refreshing native plugins compatible for Editor in 122.91 ms, found 6 plugins.
Preloading 1 native plugins for Editor in 1.47 ms.
Initialize engine version: 2020.3.25f1 (9b9180224418)
[Subsystems] Discovering subsystems at path D:/Program Files/2020.3.25f1/Editor/Data/Resources/UnitySubsystems
[Subsystems] Discovering subsystems at path D:/Games/1P OcBall/Assets
GfxDevice: creating device client; threaded=0
Direct3D:
    Version:  Direct3D 11.0 [level 11.1]
    Renderer: NVIDIA GeForce GTX 1070 (ID=0x1b81)
    Vendor:   
    VRAM:     8088 MB
    Driver:   27.21.14.5671
Shader 'Oculus/OVRMRCameraFrameLit': fallback shader 'Alpha-Diffuse' not found
Initialize mono
Mono path[0] = 'D:/Program Files/2020.3.25f1/Editor/Data/Managed'
Mono path[1] = 'D:/Program Files/2020.3.25f1/Editor/Data/MonoBleedingEdge/lib/mono/unityjit'
Mono config path = 'D:/Program Files/2020.3.25f1/Editor/Data/MonoBleedingEdge/etc'
Using monoOptions --debugger-agent=transport=dt_socket,embedding=1,server=y,suspend=n,address=127.0.0.1:56660
Begin MonoManager ReloadAssembly
Registering precompiled unity dll's ...
Register platform support module: D:/Program Files/2020.3.25f1/Editor/Data/PlaybackEngines/WebGLSupport/UnityEditor.WebGL.Extensions.dll
Register platform support module: D:/Program Files/2020.3.25f1/Editor/Data/PlaybackEngines/WindowsStandaloneSupport/UnityEditor.WindowsStandalone.Extensions.dll
Registered in 0.001471 seconds.
Native extension for WindowsStandalone target not found
Native extension for WebGL target not found
Refreshing native plugins compatible for Editor in 81.82 ms, found 6 plugins.
Preloading 1 native plugins for Editor in 0.08 ms.
Mono: successfully reloaded assembly
- Completed reload, in  0.880 seconds
Domain Reload Profiling:
	ReloadAssembly (880ms)
		BeginReloadAssembly (65ms)
			ExecutionOrderSort (0ms)
			DisableScriptedObjects (0ms)
			BackupInstance (0ms)
			ReleaseScriptingObjects (0ms)
			CreateAndSetChildDomain (1ms)
		EndReloadAssembly (728ms)
			LoadAssemblies (64ms)
			RebuildTransferFunctionScriptingTraits (0ms)
			SetupTypeCache (224ms)
			ReleaseScriptCaches (0ms)
			RebuildScriptCaches (38ms)
			SetupLoadedEditorAssemblies (261ms)
				LogAssemblyErrors (0ms)
				InitializePlatformSupportModulesInManaged (5ms)
				SetLoadedEditorAssemblies (0ms)
				RefreshPlugins (82ms)
				BeforeProcessingInitializeOnLoad (20ms)
				ProcessInitializeOnLoadAttributes (105ms)
				ProcessInitializeOnLoadMethodAttributes (48ms)
				AfterProcessingInitializeOnLoad (0ms)
				EditorAssembliesLoaded (0ms)
			ExecutionOrderSort2 (0ms)
			AwakeInstancesAfterBackupRestoration (0ms)
Platform modules already initialized, skipping
Registering precompiled user dll's ...
Registered in 0.005999 seconds.
Begin MonoManager ReloadAssembly
Native extension for WindowsStandalone target not found
Native extension for WebGL target not found
Refreshing native plugins compatible for Editor in 0.91 ms, found 6 plugins.
Preloading 1 native plugins for Editor in 0.06 ms.
[XR] OculusXRPlugin: registering subsystems
[XR] Unable to register display lifecyle provider: [1]
[XR] Oculus Input lifecycle provider registered.
[XR] Unable to register input lifecyle provider: [1]
[XR] OVRP version 1.67.0
Mono: successfully reloaded assembly
- Completed reload, in  1.433 seconds
Domain Reload Profiling:
	ReloadAssembly (1434ms)
		BeginReloadAssembly (194ms)
			ExecutionOrderSort (0ms)
			DisableScriptedObjects (17ms)
			BackupInstance (0ms)
			ReleaseScriptingObjects (0ms)
			CreateAndSetChildDomain (23ms)
		EndReloadAssembly (1167ms)
			LoadAssemblies (120ms)
			RebuildTransferFunctionScriptingTraits (0ms)
			SetupTypeCache (414ms)
			ReleaseScriptCaches (0ms)
			RebuildScriptCaches (69ms)
			SetupLoadedEditorAssemblies (429ms)
				LogAssemblyErrors (0ms)
				InitializePlatformSupportModulesInManaged (6ms)
				SetLoadedEditorAssemblies (1ms)
				RefreshPlugins (1ms)
				BeforeProcessingInitializeOnLoad (115ms)
				ProcessInitializeOnLoadAttributes (280ms)
				ProcessInitializeOnLoadMethodAttributes (22ms)
				AfterProcessingInitializeOnLoad (3ms)
				EditorAssembliesLoaded (0ms)
			ExecutionOrderSort2 (0ms)
			AwakeInstancesAfterBackupRestoration (8ms)
Platform modules already initialized, skipping
========================================================================
Worker process is ready to serve import requests
Shader 'Oculus/OVRMRCameraFrameLit': fallback shader 'Alpha-Diffuse' not found
Launched and connected shader compiler UnityShaderCompiler.exe after 0.19 seconds
Refreshing native plugins compatible for Editor in 0.83 ms, found 6 plugins.
Preloading 1 native plugins for Editor in 11.25 ms.
Unloading 2342 Unused Serialized files (Serialized files now loaded: 0)
System memory in use before: 107.2 MB.
System memory in use after: 107.4 MB.

Unloading 46 unused Assets to reduce memory usage. Loaded Objects now: 2756.
Total: 3.627800 ms (FindLiveObjects: 0.221200 ms CreateObjectMapping: 0.130800 ms MarkObjects: 3.170000 ms  DeleteObjects: 0.104700 ms)

AssetImportParameters requested are different than current active one (requested -> active):
  custom:framework-win-MediaFoundation: 216162199b28c13a410421893ffa2e32 -> 
  custom:video-decoder-ogg-theora: a1e56fd34408186e4bbccfd4996cb3dc -> 
  custom:container-muxer-webm: aa71ff27fc2769a1b78a27578f13a17b -> 
  custom:container-demuxer-webm: 4f35f7cbe854078d1ac9338744f61a02 -> 
  custom:container-demuxer-ogg: 62fdf1f143b41e24485cea50d1cbac27 -> 
  custom:video-encoder-webm-vp8: eb34c28f22e8b96e1ab97ce403110664 -> 
  custom:video-codec-MediaFoundation-h265: 746d11721c4dcdbdad8f713fa42b33f4 -> 
  custom:video-decoder-webm-vp8: 9c59270c3fd7afecdb556c50c9e8de78 -> 
  custom:audio-decoder-ogg-vorbis: bf7c407c2cedff20999df2af8eb42d56 -> 
  custom:audio-encoder-webm-vorbis: bf7c407c2cedff20999df2af8eb42d56 -> 
========================================================================
Received Import Request.
  path: Assets/Scripts/FadeIn.cs
  artifactKey: Guid(2f2f958f09e2f674399230ec2e0c6c97) Importer(815301076,1909f56bfc062723c751e8b465ee728b)
Start importing Assets/Scripts/FadeIn.cs using Guid(2f2f958f09e2f674399230ec2e0c6c97) Importer(815301076,1909f56bfc062723c751e8b465ee728b)  -> (artifact id: '327f72290fbf76fee58703f60204bc77') in 0.211560 seconds 
  Import took 0.317953 seconds .

========================================================================
Received Import Request.
  Time since last request: 4.960661 seconds.
  path: Assets/Scripts/ExtraSetOfHandsCountdown.cs
  artifactKey: Guid(227096d29fcfab44ea3f45643dbd7e3f) Importer(815301076,1909f56bfc062723c751e8b465ee728b)
Start importing Assets/Scripts/ExtraSetOfHandsCountdown.cs using Guid(227096d29fcfab44ea3f45643dbd7e3f) Importer(815301076,1909f56bfc062723c751e8b465ee728b)  -> (artifact id: 'c21bbfe3150e618da64a9c59d5998680') in 0.006019 seconds 
  Import took 0.123348 seconds .

========================================================================
Received Import Request.
  Time since last request: 8.697804 seconds.
  path: Assets/Scripts/DestroyBullet.cs
  artifactKey: Guid(35fc5e6cf936d3e4f8d7c3934a782910) Importer(815301076,1909f56bfc062723c751e8b465ee728b)
Start importing Assets/Scripts/DestroyBullet.cs using Guid(35fc5e6cf936d3e4f8d7c3934a782910) Importer(815301076,1909f56bfc062723c751e8b465ee728b)  -> (artifact id: '97891835f1ec1deceffce10d1d3e76a7') in 0.006024 seconds 
  Import took 0.021951 seconds .

========================================================================
Received Import Request.
  Time since last request: 1.776901 seconds.
  path: Assets/Scripts/BulletHandler.cs
  artifactKey: Guid(e293c80d08c6cbd4f97f36944de0bc0c) Importer(815301076,1909f56bfc062723c751e8b465ee728b)
Start importing Assets/Scripts/BulletHandler.cs using Guid(e293c80d08c6cbd4f97f36944de0bc0c) Importer(815301076,1909f56bfc062723c751e8b465ee728b)  -> (artifact id: '9886a8b2bcb6fd924616a4a11eff266d') in 0.006310 seconds 
  Import took 0.051596 seconds .

========================================================================
Received Import Request.
  Time since last request: 4.558342 seconds.
  path: Assets/Oculus/SampleFramework/Usage/LocomotionSettings.lighting
  artifactKey: Guid(c3d7bcd758046254e82d8964f1dd6b36) Importer(815301076,1909f56bfc062723c751e8b465ee728b)
Start importing Assets/Oculus/SampleFramework/Usage/LocomotionSettings.lighting using Guid(c3d7bcd758046254e82d8964f1dd6b36) Importer(815301076,1909f56bfc062723c751e8b465ee728b)  -> (artifact id: 'a0254095d6ead0ea606a76108e052888') in 0.056602 seconds 
  Import took 0.083789 seconds .

========================================================================
Received Import Request.
  Time since last request: 0.006958 seconds.
  path: Assets/Oculus/SampleFramework/Usage/Locomotion.unity
  artifactKey: Guid(024cd9dcd49bd8f46a6bea03aa8a21bb) Importer(815301076,1909f56bfc062723c751e8b465ee728b)
Start importing Assets/Oculus/SampleFramework/Usage/Locomotion.unity using Guid(024cd9dcd49bd8f46a6bea03aa8a21bb) Importer(815301076,1909f56bfc062723c751e8b465ee728b)  -> (artifact id: '34bff9c89c71ca2edef74a3e50cc5b65') in 0.006080 seconds 
  Import took 0.027660 seconds .

========================================================================
Received Import Request.
  Time since last request: 0.221827 seconds.
  path: Assets/Scripts/PlayerBulletMove.cs
  artifactKey: Guid(7b5d9327eb6adb14cb98ec1d86dc91d0) Importer(815301076,1909f56bfc062723c751e8b465ee728b)
Start importing Assets/Scripts/PlayerBulletMove.cs using Guid(7b5d9327eb6adb14cb98ec1d86dc91d0) Importer(815301076,1909f56bfc062723c751e8b465ee728b)  -> (artifact id: '3e19d25ec23c576938a73d5056dc8a90') in 0.008154 seconds 
  Import took 0.044869 seconds .

========================================================================
Received Import Request.
  Time since last request: 0.778020 seconds.
  path: Assets/Scenes/1Player.unity
  artifactKey: Guid(1b55f6e0833dd654d87d7ec27a552bbb) Importer(815301076,1909f56bfc062723c751e8b465ee728b)
Start importing Assets/Scenes/1Player.unity using Guid(1b55f6e0833dd654d87d7ec27a552bbb) Importer(815301076,1909f56bfc062723c751e8b465ee728b)  -> (artifact id: '191af04ece12aeb591ab97416f9c00d6') in 0.005936 seconds 
  Import took 0.049990 seconds .

========================================================================
Received Import Request.
  Time since last request: 7.104453 seconds.
  path: Assets/Scripts/Highlighter.cs
  artifactKey: Guid(cfb17bf69813ae444b138b89b86dd3e7) Importer(815301076,1909f56bfc062723c751e8b465ee728b)
Start importing Assets/Scripts/Highlighter.cs using Guid(cfb17bf69813ae444b138b89b86dd3e7) Importer(815301076,1909f56bfc062723c751e8b465ee728b)  -> (artifact id: '47704c044120bea19b4c1443c466b0ed') in 0.005880 seconds 
  Import took 0.042507 seconds .

========================================================================
Received Import Request.
  Time since last request: 0.144328 seconds.
  path: Assets/Scenes/Test.unity
  artifactKey: Guid(14aa4e5143e09b142990edbcc76c0da9) Importer(815301076,1909f56bfc062723c751e8b465ee728b)
Start importing Assets/Scenes/Test.unity using Guid(14aa4e5143e09b142990edbcc76c0da9) Importer(815301076,1909f56bfc062723c751e8b465ee728b)  -> (artifact id: '784cd20a0fa12c477a9785436df7dff4') in 0.058596 seconds 
  Import took 0.081316 seconds .

========================================================================
Received Import Request.
  Time since last request: 3.203037 seconds.
  path: Assets/Scripts/EnyiMover.cs
  artifactKey: Guid(8b5a5d51db1f3884f877d3670ce51a2b) Importer(815301076,1909f56bfc062723c751e8b465ee728b)
Start importing Assets/Scripts/EnyiMover.cs using Guid(8b5a5d51db1f3884f877d3670ce51a2b) Importer(815301076,1909f56bfc062723c751e8b465ee728b)  -> (artifact id: '2b274ea12ac4e4bf91282f7351ccb65a') in 0.005907 seconds 
  Import took 0.053898 seconds .

========================================================================
Received Import Request.
  Time since last request: 1.523852 seconds.
  path: Assets/Scripts/FadeOut.cs
  artifactKey: Guid(54080dd7f4193184b9b014705bf1f4be) Importer(815301076,1909f56bfc062723c751e8b465ee728b)
Start importing Assets/Scripts/FadeOut.cs using Guid(54080dd7f4193184b9b014705bf1f4be) Importer(815301076,1909f56bfc062723c751e8b465ee728b)  -> (artifact id: '275750f12b712d00439c78d9727c4b74') in 0.005673 seconds 
  Import took 0.020712 seconds .

========================================================================
Received Import Request.
  Time since last request: 0.043872 seconds.
  path: Assets/Scripts/AddOneBullet.cs
  artifactKey: Guid(e455a4b3de1611045a16da73dd81ba3a) Importer(815301076,1909f56bfc062723c751e8b465ee728b)
Start importing Assets/Scripts/AddOneBullet.cs using Guid(e455a4b3de1611045a16da73dd81ba3a) Importer(815301076,1909f56bfc062723c751e8b465ee728b)  -> (artifact id: '20ec4886daba2422650aa77c24bcfa38') in 0.005768 seconds 
  Import took 0.029088 seconds .

========================================================================
Received Import Request.
  Time since last request: 0.031434 seconds.
  path: Assets/Scripts/MyColorChanger.cs
  artifactKey: Guid(a2e7a2bd39b4adc41b29bfe930841196) Importer(815301076,1909f56bfc062723c751e8b465ee728b)
Start importing Assets/Scripts/MyColorChanger.cs using Guid(a2e7a2bd39b4adc41b29bfe930841196) Importer(815301076,1909f56bfc062723c751e8b465ee728b)  -> (artifact id: '0ce0c9d2aaf5aa5c49ef44dbbe66884b') in 0.005400 seconds 
  Import took 0.018294 seconds .

========================================================================
Received Import Request.
  Time since last request: 2.558436 seconds.
  path: Assets/Scripts/BallLength__Power.cs
  artifactKey: Guid(17f5ccfee7f3ec845bc6304cc18f1423) Importer(815301076,1909f56bfc062723c751e8b465ee728b)
Start importing Assets/Scripts/BallLength__Power.cs using Guid(17f5ccfee7f3ec845bc6304cc18f1423) Importer(815301076,1909f56bfc062723c751e8b465ee728b)  -> (artifact id: '5843cbe5da47f8ea574f8ef5bb6e7a85') in 0.005917 seconds 
  Import took 0.028933 seconds .

========================================================================
Received Import Request.
  Time since last request: 3.645270 seconds.
  path: Assets/Scripts/ScoreHandler.cs
  artifactKey: Guid(9afddedbdcb404d4e83cbaf0595a993d) Importer(815301076,1909f56bfc062723c751e8b465ee728b)
Start importing Assets/Scripts/ScoreHandler.cs using Guid(9afddedbdcb404d4e83cbaf0595a993d) Importer(815301076,1909f56bfc062723c751e8b465ee728b)  -> (artifact id: '8b91521c397fab704345b90d90d57a01') in 0.007435 seconds 
  Import took 0.040590 seconds .

========================================================================
Received Import Request.
  Time since last request: 10.458966 seconds.
  path: Assets/Scripts/AddPower.cs
  artifactKey: Guid(c433649d59c101b4f860f2ecc2962fd4) Importer(815301076,1909f56bfc062723c751e8b465ee728b)
Start importing Assets/Scripts/AddPower.cs using Guid(c433649d59c101b4f860f2ecc2962fd4) Importer(815301076,1909f56bfc062723c751e8b465ee728b)  -> (artifact id: '3e9e5e439488716c55838b0d287572a0') in 0.006841 seconds 
  Import took 0.016791 seconds .

